This is pdfTeX, Version 3.14159265-2.6-1.40.16 (TeX Live 2015/Debian) (preloaded format=pdflatex 2017.8.23)  7 SEP 2017 15:31
entering extended mode
 restricted \write18 enabled.
 %&-line parsing enabled.
**beamer_demo.tex
(./beamer_demo.tex
LaTeX2e <2016/02/01>
Babel <3.9q> and hyphenation patterns for 11 language(s) loaded.
(/usr/share/texlive/texmf-dist/tex/latex/beamer/beamer.cls
(/usr/share/texlive/texmf-dist/tex/latex/beamer/beamerbasercs.sty
Package: beamerbasercs 2015/03/08 (rcs-revision 368aa9ba9d38)
)
Document Class: beamer 2015/01/05 3.36 A class for typesetting presentations (r
cs-revision 8a39122e1f63)
(/usr/share/texlive/texmf-dist/tex/latex/beamer/beamerbasemodes.sty
Package: beamerbasemodes 2013/09/03 (rcs-revision 768f2d98ca64)
\beamer@tempbox=\box26
\beamer@tempcount=\count79
\c@beamerpauses=\count80

(/usr/share/texlive/texmf-dist/tex/latex/beamer/beamerbasedecode.sty
Package: beamerbasedecode 2010/05/01 (rcs-revision efa082c6111d)
\beamer@slideinframe=\count81
\beamer@minimum=\count82
)
\beamer@commentbox=\box27
\beamer@modecount=\count83
)
(/usr/share/texlive/texmf-dist/tex/generic/oberdiek/ifpdf.sty
Package: ifpdf 2011/01/30 v2.3 Provides the ifpdf switch (HO)
Package ifpdf Info: pdfTeX in PDF mode is detected.
)
\headheight=\dimen102
\headdp=\dimen103
\footheight=\dimen104
\sidebarheight=\dimen105
\beamer@tempdim=\dimen106
\beamer@finalheight=\dimen107
\beamer@animht=\dimen108
\beamer@animdp=\dimen109
\beamer@animwd=\dimen110
\beamer@leftmargin=\dimen111
\beamer@rightmargin=\dimen112
\beamer@leftsidebar=\dimen113
\beamer@rightsidebar=\dimen114
\beamer@boxsize=\dimen115
\beamer@vboxoffset=\dimen116
\beamer@descdefault=\dimen117
\beamer@descriptionwidth=\dimen118
\beamer@lastskip=\skip41
\beamer@areabox=\box28
\beamer@animcurrent=\box29
\beamer@animshowbox=\box30
\beamer@sectionbox=\box31
\beamer@logobox=\box32
\beamer@linebox=\box33
\beamer@sectioncount=\count84
\beamer@subsubsectionmax=\count85
\beamer@subsectionmax=\count86
\beamer@sectionmax=\count87
\beamer@totalheads=\count88
\beamer@headcounter=\count89
\beamer@partstartpage=\count90
\beamer@sectionstartpage=\count91
\beamer@subsectionstartpage=\count92
\beamer@animationtempa=\count93
\beamer@animationtempb=\count94
\beamer@xpos=\count95
\beamer@ypos=\count96
\beamer@showpartnumber=\count97
\beamer@currentsubsection=\count98
\beamer@coveringdepth=\count99
\beamer@sectionadjust=\count100
\beamer@tocsectionnumber=\count101

(/usr/share/texlive/texmf-dist/tex/latex/beamer/beamerbaseoptions.sty
Package: beamerbaseoptions 2013/03/10 (rcs-revision 47431932db0d)

(/usr/share/texlive/texmf-dist/tex/latex/graphics/keyval.sty
Package: keyval 2014/10/28 v1.15 key=value parser (DPC)
\KV@toks@=\toks14
))
\beamer@paperwidth=\skip42
\beamer@paperheight=\skip43

(/usr/share/texlive/texmf-dist/tex/latex/geometry/geometry.sty
Package: geometry 2010/09/12 v5.6 Page Geometry

(/usr/share/texlive/texmf-dist/tex/generic/oberdiek/ifvtex.sty
Package: ifvtex 2010/03/01 v1.5 Detect VTeX and its facilities (HO)
Package ifvtex Info: VTeX not detected.
)
(/usr/share/texlive/texmf-dist/tex/generic/ifxetex/ifxetex.sty
Package: ifxetex 2010/09/12 v0.6 Provides ifxetex conditional
)
\Gm@cnth=\count102
\Gm@cntv=\count103
\c@Gm@tempcnt=\count104
\Gm@bindingoffset=\dimen119
\Gm@wd@mp=\dimen120
\Gm@odd@mp=\dimen121
\Gm@even@mp=\dimen122
\Gm@layoutwidth=\dimen123
\Gm@layoutheight=\dimen124
\Gm@layouthoffset=\dimen125
\Gm@layoutvoffset=\dimen126
\Gm@dimlist=\toks15
)
(/usr/share/texlive/texmf-dist/tex/latex/base/size12.clo
File: size12.clo 2014/09/29 v1.4h Standard LaTeX file (size option)
)
(/usr/share/texlive/texmf-dist/tex/latex/pgf/basiclayer/pgfcore.sty
(/usr/share/texlive/texmf-dist/tex/latex/graphics/graphicx.sty
Package: graphicx 2014/10/28 v1.0g Enhanced LaTeX Graphics (DPC,SPQR)

(/usr/share/texlive/texmf-dist/tex/latex/graphics/graphics.sty
Package: graphics 2016/01/03 v1.0q Standard LaTeX Graphics (DPC,SPQR)

(/usr/share/texlive/texmf-dist/tex/latex/graphics/trig.sty
Package: trig 2016/01/03 v1.10 sin cos tan (DPC)
)
(/usr/share/texlive/texmf-dist/tex/latex/latexconfig/graphics.cfg
File: graphics.cfg 2010/04/23 v1.9 graphics configuration of TeX Live
)
Package graphics Info: Driver file: pdftex.def on input line 95.

(/usr/share/texlive/texmf-dist/tex/latex/pdftex-def/pdftex.def
File: pdftex.def 2011/05/27 v0.06d Graphics/color for pdfTeX

(/usr/share/texlive/texmf-dist/tex/generic/oberdiek/infwarerr.sty
Package: infwarerr 2010/04/08 v1.3 Providing info/warning/error messages (HO)
)
(/usr/share/texlive/texmf-dist/tex/generic/oberdiek/ltxcmds.sty
Package: ltxcmds 2011/11/09 v1.22 LaTeX kernel commands for general use (HO)
)
\Gread@gobject=\count105
))
\Gin@req@height=\dimen127
\Gin@req@width=\dimen128
)
(/usr/share/texlive/texmf-dist/tex/latex/pgf/systemlayer/pgfsys.sty
(/usr/share/texlive/texmf-dist/tex/latex/pgf/utilities/pgfrcs.sty
(/usr/share/texlive/texmf-dist/tex/generic/pgf/utilities/pgfutil-common.tex
\pgfutil@everybye=\toks16
\pgfutil@tempdima=\dimen129
\pgfutil@tempdimb=\dimen130

(/usr/share/texlive/texmf-dist/tex/generic/pgf/utilities/pgfutil-common-lists.t
ex)) (/usr/share/texlive/texmf-dist/tex/generic/pgf/utilities/pgfutil-latex.def
\pgfutil@abb=\box34
(/usr/share/texlive/texmf-dist/tex/latex/ms/everyshi.sty
Package: everyshi 2001/05/15 v3.00 EveryShipout Package (MS)
))
(/usr/share/texlive/texmf-dist/tex/generic/pgf/utilities/pgfrcs.code.tex
Package: pgfrcs 2015/08/07 v3.0.1a (rcs-revision 1.31)
))
(/usr/share/texlive/texmf-dist/tex/generic/pgf/systemlayer/pgfsys.code.tex
Package: pgfsys 2014/07/09 v3.0.1a (rcs-revision 1.48)

(/usr/share/texlive/texmf-dist/tex/generic/pgf/utilities/pgfkeys.code.tex
\pgfkeys@pathtoks=\toks17
\pgfkeys@temptoks=\toks18

(/usr/share/texlive/texmf-dist/tex/generic/pgf/utilities/pgfkeysfiltered.code.t
ex
\pgfkeys@tmptoks=\toks19
))
\pgf@x=\dimen131
\pgf@y=\dimen132
\pgf@xa=\dimen133
\pgf@ya=\dimen134
\pgf@xb=\dimen135
\pgf@yb=\dimen136
\pgf@xc=\dimen137
\pgf@yc=\dimen138
\w@pgf@writea=\write3
\r@pgf@reada=\read1
\c@pgf@counta=\count106
\c@pgf@countb=\count107
\c@pgf@countc=\count108
\c@pgf@countd=\count109
\t@pgf@toka=\toks20
\t@pgf@tokb=\toks21
\t@pgf@tokc=\toks22
 (/usr/share/texlive/texmf-dist/tex/generic/pgf/systemlayer/pgf.cfg
File: pgf.cfg 2008/05/14  (rcs-revision 1.7)
)
Driver file for pgf: pgfsys-pdftex.def

(/usr/share/texlive/texmf-dist/tex/generic/pgf/systemlayer/pgfsys-pdftex.def
File: pgfsys-pdftex.def 2014/10/11  (rcs-revision 1.35)

(/usr/share/texlive/texmf-dist/tex/generic/pgf/systemlayer/pgfsys-common-pdf.de
f
File: pgfsys-common-pdf.def 2013/10/10  (rcs-revision 1.13)
)))
(/usr/share/texlive/texmf-dist/tex/generic/pgf/systemlayer/pgfsyssoftpath.code.
tex
File: pgfsyssoftpath.code.tex 2013/09/09  (rcs-revision 1.9)
\pgfsyssoftpath@smallbuffer@items=\count110
\pgfsyssoftpath@bigbuffer@items=\count111
)
(/usr/share/texlive/texmf-dist/tex/generic/pgf/systemlayer/pgfsysprotocol.code.
tex
File: pgfsysprotocol.code.tex 2006/10/16  (rcs-revision 1.4)
)) (/usr/share/texlive/texmf-dist/tex/latex/xcolor/xcolor.sty
Package: xcolor 2007/01/21 v2.11 LaTeX color extensions (UK)

(/usr/share/texlive/texmf-dist/tex/latex/latexconfig/color.cfg
File: color.cfg 2007/01/18 v1.5 color configuration of teTeX/TeXLive
)
Package xcolor Info: Driver file: pdftex.def on input line 225.
Package xcolor Info: Model `cmy' substituted by `cmy0' on input line 1337.
Package xcolor Info: Model `hsb' substituted by `rgb' on input line 1341.
Package xcolor Info: Model `RGB' extended on input line 1353.
Package xcolor Info: Model `HTML' substituted by `rgb' on input line 1355.
Package xcolor Info: Model `Hsb' substituted by `hsb' on input line 1356.
Package xcolor Info: Model `tHsb' substituted by `hsb' on input line 1357.
Package xcolor Info: Model `HSB' substituted by `hsb' on input line 1358.
Package xcolor Info: Model `Gray' substituted by `gray' on input line 1359.
Package xcolor Info: Model `wave' substituted by `hsb' on input line 1360.

(/usr/share/texlive/texmf-dist/tex/latex/xcolor/svgnam.def
File: svgnam.def 2007/01/21 v2.11 Predefined colors according to SVG 1.1 (UK)
))
(/usr/share/texlive/texmf-dist/tex/generic/pgf/basiclayer/pgfcore.code.tex
Package: pgfcore 2010/04/11 v3.0.1a (rcs-revision 1.7)

(/usr/share/texlive/texmf-dist/tex/generic/pgf/math/pgfmath.code.tex
(/usr/share/texlive/texmf-dist/tex/generic/pgf/math/pgfmathcalc.code.tex
(/usr/share/texlive/texmf-dist/tex/generic/pgf/math/pgfmathutil.code.tex)
(/usr/share/texlive/texmf-dist/tex/generic/pgf/math/pgfmathparser.code.tex
\pgfmath@dimen=\dimen139
\pgfmath@count=\count112
\pgfmath@box=\box35
\pgfmath@toks=\toks23
\pgfmath@stack@operand=\toks24
\pgfmath@stack@operation=\toks25
)
(/usr/share/texlive/texmf-dist/tex/generic/pgf/math/pgfmathfunctions.code.tex
(/usr/share/texlive/texmf-dist/tex/generic/pgf/math/pgfmathfunctions.basic.code
.tex)
(/usr/share/texlive/texmf-dist/tex/generic/pgf/math/pgfmathfunctions.trigonomet
ric.code.tex)
(/usr/share/texlive/texmf-dist/tex/generic/pgf/math/pgfmathfunctions.random.cod
e.tex)
(/usr/share/texlive/texmf-dist/tex/generic/pgf/math/pgfmathfunctions.comparison
.code.tex)
(/usr/share/texlive/texmf-dist/tex/generic/pgf/math/pgfmathfunctions.base.code.
tex)
(/usr/share/texlive/texmf-dist/tex/generic/pgf/math/pgfmathfunctions.round.code
.tex)
(/usr/share/texlive/texmf-dist/tex/generic/pgf/math/pgfmathfunctions.misc.code.
tex)
(/usr/share/texlive/texmf-dist/tex/generic/pgf/math/pgfmathfunctions.integerari
thmetics.code.tex)))
(/usr/share/texlive/texmf-dist/tex/generic/pgf/math/pgfmathfloat.code.tex
\c@pgfmathroundto@lastzeros=\count113
))
(/usr/share/texlive/texmf-dist/tex/generic/pgf/basiclayer/pgfcorepoints.code.te
x
File: pgfcorepoints.code.tex 2013/10/07  (rcs-revision 1.27)
\pgf@picminx=\dimen140
\pgf@picmaxx=\dimen141
\pgf@picminy=\dimen142
\pgf@picmaxy=\dimen143
\pgf@pathminx=\dimen144
\pgf@pathmaxx=\dimen145
\pgf@pathminy=\dimen146
\pgf@pathmaxy=\dimen147
\pgf@xx=\dimen148
\pgf@xy=\dimen149
\pgf@yx=\dimen150
\pgf@yy=\dimen151
\pgf@zx=\dimen152
\pgf@zy=\dimen153
)
(/usr/share/texlive/texmf-dist/tex/generic/pgf/basiclayer/pgfcorepathconstruct.
code.tex
File: pgfcorepathconstruct.code.tex 2013/10/07  (rcs-revision 1.29)
\pgf@path@lastx=\dimen154
\pgf@path@lasty=\dimen155
)
(/usr/share/texlive/texmf-dist/tex/generic/pgf/basiclayer/pgfcorepathusage.code
.tex
File: pgfcorepathusage.code.tex 2014/11/02  (rcs-revision 1.24)
\pgf@shorten@end@additional=\dimen156
\pgf@shorten@start@additional=\dimen157
)
(/usr/share/texlive/texmf-dist/tex/generic/pgf/basiclayer/pgfcorescopes.code.te
x
File: pgfcorescopes.code.tex 2015/05/08  (rcs-revision 1.46)
\pgfpic=\box36
\pgf@hbox=\box37
\pgf@layerbox@main=\box38
\pgf@picture@serial@count=\count114
)
(/usr/share/texlive/texmf-dist/tex/generic/pgf/basiclayer/pgfcoregraphicstate.c
ode.tex
File: pgfcoregraphicstate.code.tex 2014/11/02  (rcs-revision 1.12)
\pgflinewidth=\dimen158
)
(/usr/share/texlive/texmf-dist/tex/generic/pgf/basiclayer/pgfcoretransformation
s.code.tex
File: pgfcoretransformations.code.tex 2015/08/07  (rcs-revision 1.20)
\pgf@pt@x=\dimen159
\pgf@pt@y=\dimen160
\pgf@pt@temp=\dimen161
)
(/usr/share/texlive/texmf-dist/tex/generic/pgf/basiclayer/pgfcorequick.code.tex
File: pgfcorequick.code.tex 2008/10/09  (rcs-revision 1.3)
)
(/usr/share/texlive/texmf-dist/tex/generic/pgf/basiclayer/pgfcoreobjects.code.t
ex
File: pgfcoreobjects.code.tex 2006/10/11  (rcs-revision 1.2)
)
(/usr/share/texlive/texmf-dist/tex/generic/pgf/basiclayer/pgfcorepathprocessing
.code.tex
File: pgfcorepathprocessing.code.tex 2013/09/09  (rcs-revision 1.9)
)
(/usr/share/texlive/texmf-dist/tex/generic/pgf/basiclayer/pgfcorearrows.code.te
x
File: pgfcorearrows.code.tex 2015/05/14  (rcs-revision 1.43)
\pgfarrowsep=\dimen162
)
(/usr/share/texlive/texmf-dist/tex/generic/pgf/basiclayer/pgfcoreshade.code.tex
File: pgfcoreshade.code.tex 2013/07/15  (rcs-revision 1.15)
\pgf@max=\dimen163
\pgf@sys@shading@range@num=\count115
)
(/usr/share/texlive/texmf-dist/tex/generic/pgf/basiclayer/pgfcoreimage.code.tex
File: pgfcoreimage.code.tex 2013/07/15  (rcs-revision 1.18)

(/usr/share/texlive/texmf-dist/tex/generic/pgf/basiclayer/pgfcoreexternal.code.
tex
File: pgfcoreexternal.code.tex 2014/07/09  (rcs-revision 1.21)
\pgfexternal@startupbox=\box39
))
(/usr/share/texlive/texmf-dist/tex/generic/pgf/basiclayer/pgfcorelayers.code.te
x
File: pgfcorelayers.code.tex 2013/07/18  (rcs-revision 1.7)
)
(/usr/share/texlive/texmf-dist/tex/generic/pgf/basiclayer/pgfcoretransparency.c
ode.tex
File: pgfcoretransparency.code.tex 2013/09/30  (rcs-revision 1.5)
)
(/usr/share/texlive/texmf-dist/tex/generic/pgf/basiclayer/pgfcorepatterns.code.
tex
File: pgfcorepatterns.code.tex 2013/11/07  (rcs-revision 1.5)
))) (/usr/share/texlive/texmf-dist/tex/latex/pgf/utilities/xxcolor.sty
Package: xxcolor 2003/10/24 ver 0.1
\XC@nummixins=\count116
\XC@countmixins=\count117
)
(/usr/share/texlive/texmf-dist/tex/generic/oberdiek/atbegshi.sty
Package: atbegshi 2011/10/05 v1.16 At begin shipout hook (HO)
)
(/usr/share/texlive/texmf-dist/tex/latex/hyperref/hyperref.sty
Package: hyperref 2012/11/06 v6.83m Hypertext links for LaTeX

(/usr/share/texlive/texmf-dist/tex/generic/oberdiek/hobsub-hyperref.sty
Package: hobsub-hyperref 2012/05/28 v1.13 Bundle oberdiek, subset hyperref (HO)


(/usr/share/texlive/texmf-dist/tex/generic/oberdiek/hobsub-generic.sty
Package: hobsub-generic 2012/05/28 v1.13 Bundle oberdiek, subset generic (HO)
Package: hobsub 2012/05/28 v1.13 Construct package bundles (HO)
Package hobsub Info: Skipping package `infwarerr' (already loaded).
Package hobsub Info: Skipping package `ltxcmds' (already loaded).
Package: ifluatex 2010/03/01 v1.3 Provides the ifluatex switch (HO)
Package ifluatex Info: LuaTeX not detected.
Package hobsub Info: Skipping package `ifvtex' (already loaded).
Package: intcalc 2007/09/27 v1.1 Expandable calculations with integers (HO)
Package hobsub Info: Skipping package `ifpdf' (already loaded).
Package: etexcmds 2011/02/16 v1.5 Avoid name clashes with e-TeX commands (HO)
Package etexcmds Info: Could not find \expanded.
(etexcmds)             That can mean that you are not using pdfTeX 1.50 or
(etexcmds)             that some package has redefined \expanded.
(etexcmds)             In the latter case, load this package earlier.
Package: kvsetkeys 2012/04/25 v1.16 Key value parser (HO)
Package: kvdefinekeys 2011/04/07 v1.3 Define keys (HO)
Package: pdftexcmds 2011/11/29 v0.20 Utility functions of pdfTeX for LuaTeX (HO
)
Package pdftexcmds Info: LuaTeX not detected.
Package pdftexcmds Info: \pdf@primitive is available.
Package pdftexcmds Info: \pdf@ifprimitive is available.
Package pdftexcmds Info: \pdfdraftmode found.
Package: pdfescape 2011/11/25 v1.13 Implements pdfTeX's escape features (HO)
Package: bigintcalc 2012/04/08 v1.3 Expandable calculations on big integers (HO
)
Package: bitset 2011/01/30 v1.1 Handle bit-vector datatype (HO)
Package: uniquecounter 2011/01/30 v1.2 Provide unlimited unique counter (HO)
)
Package hobsub Info: Skipping package `hobsub' (already loaded).
Package: letltxmacro 2010/09/02 v1.4 Let assignment for LaTeX macros (HO)
Package: hopatch 2012/05/28 v1.2 Wrapper for package hooks (HO)
Package: xcolor-patch 2011/01/30 xcolor patch
Package: atveryend 2011/06/30 v1.8 Hooks at the very end of document (HO)
Package atveryend Info: \enddocument detected (standard20110627).
Package hobsub Info: Skipping package `atbegshi' (already loaded).
Package: refcount 2011/10/16 v3.4 Data extraction from label references (HO)
Package: hycolor 2011/01/30 v1.7 Color options for hyperref/bookmark (HO)
)
(/usr/share/texlive/texmf-dist/tex/latex/oberdiek/auxhook.sty
Package: auxhook 2011/03/04 v1.3 Hooks for auxiliary files (HO)
)
(/usr/share/texlive/texmf-dist/tex/latex/oberdiek/kvoptions.sty
Package: kvoptions 2011/06/30 v3.11 Key value format for package options (HO)
)
\@linkdim=\dimen164
\Hy@linkcounter=\count118
\Hy@pagecounter=\count119

(/usr/share/texlive/texmf-dist/tex/latex/hyperref/pd1enc.def
File: pd1enc.def 2012/11/06 v6.83m Hyperref: PDFDocEncoding definition (HO)
)
\Hy@SavedSpaceFactor=\count120

(/usr/share/texlive/texmf-dist/tex/latex/latexconfig/hyperref.cfg
File: hyperref.cfg 2002/06/06 v1.2 hyperref configuration of TeXLive
)
Package hyperref Info: Option `bookmarks' set `true' on input line 4319.
Package hyperref Info: Option `bookmarksopen' set `true' on input line 4319.
Package hyperref Info: Option `implicit' set `false' on input line 4319.
Package hyperref Info: Hyper figures OFF on input line 4443.
Package hyperref Info: Link nesting OFF on input line 4448.
Package hyperref Info: Hyper index ON on input line 4451.
Package hyperref Info: Plain pages OFF on input line 4458.
Package hyperref Info: Backreferencing OFF on input line 4463.
Package hyperref Info: Implicit mode OFF; no redefinition of LaTeX internals.
Package hyperref Info: Bookmarks ON on input line 4688.
\c@Hy@tempcnt=\count121

(/usr/share/texlive/texmf-dist/tex/latex/url/url.sty
\Urlmuskip=\muskip10
Package: url 2013/09/16  ver 3.4  Verb mode for urls, etc.
)
LaTeX Info: Redefining \url on input line 5041.
\XeTeXLinkMargin=\dimen165
\Fld@menulength=\count122
\Field@Width=\dimen166
\Fld@charsize=\dimen167
Package hyperref Info: Hyper figures OFF on input line 6295.
Package hyperref Info: Link nesting OFF on input line 6300.
Package hyperref Info: Hyper index ON on input line 6303.
Package hyperref Info: backreferencing OFF on input line 6310.
Package hyperref Info: Link coloring OFF on input line 6315.
Package hyperref Info: Link coloring with OCG OFF on input line 6320.
Package hyperref Info: PDF/A mode OFF on input line 6325.
LaTeX Info: Redefining \ref on input line 6365.
LaTeX Info: Redefining \pageref on input line 6369.
\Hy@abspage=\count123


Package hyperref Message: Stopped early.

)

Package hyperref Message: Driver (autodetected): hpdftex.

(/usr/share/texlive/texmf-dist/tex/latex/hyperref/hpdftex.def
File: hpdftex.def 2012/11/06 v6.83m Hyperref driver for pdfTeX
\Fld@listcount=\count124
\c@bookmark@seq@number=\count125

(/usr/share/texlive/texmf-dist/tex/latex/oberdiek/rerunfilecheck.sty
Package: rerunfilecheck 2011/04/15 v1.7 Rerun checks for auxiliary files (HO)
Package uniquecounter Info: New unique counter `rerunfilecheck' on input line 2
82.
))
(/usr/share/texlive/texmf-dist/tex/latex/beamer/beamerbaserequires.sty
Package: beamerbaserequires 2010/05/01  (rcs-revision efa082c6111d)

(/usr/share/texlive/texmf-dist/tex/latex/beamer/beamerbasecompatibility.sty
Package: beamerbasecompatibility 2012/05/01  (rcs-revision 67c48b3b652d)
)
(/usr/share/texlive/texmf-dist/tex/latex/beamer/beamerbasefont.sty
Package: beamerbasefont 2015/01/05  (rcs-revision b4b4bee242e2)

(/usr/share/texlive/texmf-dist/tex/latex/amsfonts/amssymb.sty
Package: amssymb 2013/01/14 v3.01 AMS font symbols

(/usr/share/texlive/texmf-dist/tex/latex/amsfonts/amsfonts.sty
Package: amsfonts 2013/01/14 v3.01 Basic AMSFonts support
\@emptytoks=\toks26
\symAMSa=\mathgroup4
\symAMSb=\mathgroup5
LaTeX Font Info:    Overwriting math alphabet `\mathfrak' in version `bold'
(Font)                  U/euf/m/n --> U/euf/b/n on input line 106.
))
(/usr/share/texlive/texmf-dist/tex/latex/sansmathaccent/sansmathaccent.sty
Package: sansmathaccent 2013/03/28

(/usr/share/texlive/texmf-dist/tex/latex/filehook/filehook.sty
Package: filehook 2011/10/12 v0.5d Hooks for input files
)))
(/usr/share/texlive/texmf-dist/tex/latex/beamer/beamerbasetranslator.sty
Package: beamerbasetranslator 2010/06/11  (rcs-revision 85fd1cc7fc42)

(/usr/share/texlive/texmf-dist/tex/latex/beamer/translator/translator.sty
Package: translator 2010/06/12 ver 1.10

(/usr/share/texlive/texmf-dist/tex/latex/beamer/translator/translator-language-
mappings.tex)))
(/usr/share/texlive/texmf-dist/tex/latex/beamer/beamerbasemisc.sty
Package: beamerbasemisc 2013/09/03  (rcs-revision a55719c41d85)
)
(/usr/share/texlive/texmf-dist/tex/latex/beamer/beamerbasetwoscreens.sty
Package: beamerbasetwoscreens 2010/05/01  (rcs-revision efa082c6111d)
)
(/usr/share/texlive/texmf-dist/tex/latex/beamer/beamerbaseoverlay.sty
Package: beamerbaseoverlay 2013/12/25  (rcs-revision f6bd5e3805da)
\beamer@argscount=\count126
\beamer@lastskipcover=\skip44
\beamer@trivlistdepth=\count127
)
(/usr/share/texlive/texmf-dist/tex/latex/beamer/beamerbasetitle.sty
Package: beamerbasetitle 2010/09/21  (rcs-revision f0446ed0b6ae)
)
(/usr/share/texlive/texmf-dist/tex/latex/beamer/beamerbasesection.sty
Package: beamerbasesection 2013/06/07  (rcs-revision 60b9fe0f342f)
\c@lecture=\count128
\c@part=\count129
\c@section=\count130
\c@subsection=\count131
\c@subsubsection=\count132
)
(/usr/share/texlive/texmf-dist/tex/latex/beamer/beamerbaseframe.sty
Package: beamerbaseframe 2014/02/20  (rcs-revision 4b8ceeeff434)
\beamer@framebox=\box40
\beamer@frametitlebox=\box41
\beamer@zoombox=\box42
\beamer@zoomcount=\count133
\beamer@zoomframecount=\count134
\beamer@frametextheight=\dimen168
\c@subsectionslide=\count135
\beamer@frametopskip=\skip45
\beamer@framebottomskip=\skip46
\beamer@frametopskipautobreak=\skip47
\beamer@framebottomskipautobreak=\skip48
\beamer@envbody=\toks27
\framewidth=\dimen169
\c@framenumber=\count136
)
(/usr/share/texlive/texmf-dist/tex/latex/beamer/beamerbaseverbatim.sty
Package: beamerbaseverbatim 2015/01/05  (rcs-revision 431510bb5890)
\beamer@verbatimfileout=\write4
)
(/usr/share/texlive/texmf-dist/tex/latex/beamer/beamerbaseframesize.sty
Package: beamerbaseframesize 2011/09/12  (rcs-revision 70f9d8411e54)
\beamer@splitbox=\box43
\beamer@autobreakcount=\count137
\beamer@autobreaklastheight=\dimen170
\beamer@frametitletoks=\toks28
\beamer@framesubtitletoks=\toks29
)
(/usr/share/texlive/texmf-dist/tex/latex/beamer/beamerbaseframecomponents.sty
Package: beamerbaseframecomponents 2013/10/18  (rcs-revision 5cf6c5555a45)
\beamer@footins=\box44
)
(/usr/share/texlive/texmf-dist/tex/latex/beamer/beamerbasecolor.sty
Package: beamerbasecolor 2015/02/21  (rcs-revision d944b04ee2d5)
)
(/usr/share/texlive/texmf-dist/tex/latex/beamer/beamerbasenotes.sty
Package: beamerbasenotes 2012/12/19  (rcs-revision 1686da3db3c9)
\beamer@frameboxcopy=\box45
)
(/usr/share/texlive/texmf-dist/tex/latex/beamer/beamerbasetoc.sty
Package: beamerbasetoc 2015/03/08  (rcs-revision 7270298bbaae)
)
(/usr/share/texlive/texmf-dist/tex/latex/beamer/beamerbasetemplates.sty
Package: beamerbasetemplates 2010/05/01  (rcs-revision efa082c6111d)
\beamer@sbttoks=\toks30

(/usr/share/texlive/texmf-dist/tex/latex/beamer/beamerbaseauxtemplates.sty
Package: beamerbaseauxtemplates 2014/06/30  (rcs-revision 580088513a67)

(/usr/share/texlive/texmf-dist/tex/latex/beamer/beamerbaseboxes.sty
Package: beamerbaseboxes 2012/05/13  (rcs-revision 56972908a390)
\bmb@box=\box46
\bmb@colorbox=\box47
\bmb@boxshadow=\box48
\bmb@boxshadowball=\box49
\bmb@boxshadowballlarge=\box50
\bmb@temp=\dimen171
\bmb@dima=\dimen172
\bmb@dimb=\dimen173
\bmb@prevheight=\dimen174
)
\beamer@blockheadheight=\dimen175
))
(/usr/share/texlive/texmf-dist/tex/latex/beamer/beamerbaselocalstructure.sty
Package: beamerbaselocalstructure 2014/09/10  (rcs-revision 393f6dcff371)

(/usr/share/texlive/texmf-dist/tex/latex/tools/enumerate.sty
Package: enumerate 2015/07/23 v3.00 enumerate extensions (DPC)
\@enLab=\toks31
)
\c@figure=\count138
\c@table=\count139
\abovecaptionskip=\skip49
\belowcaptionskip=\skip50
)
(/usr/share/texlive/texmf-dist/tex/latex/beamer/beamerbasenavigation.sty
Package: beamerbasenavigation 2015/02/27  (rcs-revision 923f4bf87efa)
\beamer@section@min@dim=\dimen176
)
(/usr/share/texlive/texmf-dist/tex/latex/beamer/beamerbasetheorems.sty
Package: beamerbasetheorems 2010/06/06  (rcs-revision 7e7cc5e53e9d)

(/usr/share/texlive/texmf-dist/tex/latex/amsmath/amsmath.sty
Package: amsmath 2016/03/03 v2.15a AMS math features
\@mathmargin=\skip51

For additional information on amsmath, use the `?' option.
(/usr/share/texlive/texmf-dist/tex/latex/amsmath/amstext.sty
Package: amstext 2000/06/29 v2.01 AMS text

(/usr/share/texlive/texmf-dist/tex/latex/amsmath/amsgen.sty
File: amsgen.sty 1999/11/30 v2.0 generic functions
\@emptytoks=\toks32
\ex@=\dimen177
))
(/usr/share/texlive/texmf-dist/tex/latex/amsmath/amsbsy.sty
Package: amsbsy 1999/11/29 v1.2d Bold Symbols
\pmbraise@=\dimen178
)
(/usr/share/texlive/texmf-dist/tex/latex/amsmath/amsopn.sty
Package: amsopn 1999/12/14 v2.01 operator names
)
\inf@bad=\count140
LaTeX Info: Redefining \frac on input line 199.
\uproot@=\count141
\leftroot@=\count142
LaTeX Info: Redefining \overline on input line 297.
\classnum@=\count143
\DOTSCASE@=\count144
LaTeX Info: Redefining \ldots on input line 394.
LaTeX Info: Redefining \dots on input line 397.
LaTeX Info: Redefining \cdots on input line 518.
\Mathstrutbox@=\box51
\strutbox@=\box52
\big@size=\dimen179
LaTeX Font Info:    Redeclaring font encoding OML on input line 630.
LaTeX Font Info:    Redeclaring font encoding OMS on input line 631.
\macc@depth=\count145
\c@MaxMatrixCols=\count146
\dotsspace@=\muskip11
\c@parentequation=\count147
\dspbrk@lvl=\count148
\tag@help=\toks33
\row@=\count149
\column@=\count150
\maxfields@=\count151
\andhelp@=\toks34
\eqnshift@=\dimen180
\alignsep@=\dimen181
\tagshift@=\dimen182
\tagwidth@=\dimen183
\totwidth@=\dimen184
\lineht@=\dimen185
\@envbody=\toks35
\multlinegap=\skip52
\multlinetaggap=\skip53
\mathdisplay@stack=\toks36
LaTeX Info: Redefining \[ on input line 2735.
LaTeX Info: Redefining \] on input line 2736.
)
(/usr/share/texlive/texmf-dist/tex/latex/amscls/amsthm.sty
Package: amsthm 2015/03/04 v2.20.2
\thm@style=\toks37
\thm@bodyfont=\toks38
\thm@headfont=\toks39
\thm@notefont=\toks40
\thm@headpunct=\toks41
\thm@preskip=\skip54
\thm@postskip=\skip55
\thm@headsep=\skip56
\dth@everypar=\toks42
)
\c@theorem=\count152
)
(/usr/share/texlive/texmf-dist/tex/latex/beamer/beamerbasethemes.sty
Package: beamerbasethemes 2010/05/01  (rcs-revision efa082c6111d)
))
(/usr/share/texlive/texmf-dist/tex/latex/beamer/themes/theme/beamerthemedefault
.sty
Package: beamerthemedefault 2010/06/17  (rcs-revision d02a7cf4d8ae)

(/usr/share/texlive/texmf-dist/tex/latex/beamer/themes/font/beamerfontthemedefa
ult.sty
Package: beamerfontthemedefault 2012/12/19  (rcs-revision 1686da3db3c9)
)
(/usr/share/texlive/texmf-dist/tex/latex/beamer/themes/color/beamercolorthemede
fault.sty
Package: beamercolorthemedefault 2012/12/19  (rcs-revision 1686da3db3c9)
)
(/usr/share/texlive/texmf-dist/tex/latex/beamer/themes/inner/beamerinnerthemede
fault.sty
Package: beamerinnerthemedefault 2014/06/30  (rcs-revision 580088513a67)
\beamer@dima=\dimen186
\beamer@dimb=\dimen187
)
(/usr/share/texlive/texmf-dist/tex/latex/beamer/themes/outer/beamerouterthemede
fault.sty
Package: beamerouterthemedefault 2012/12/19  (rcs-revision 1686da3db3c9)
))) (/usr/share/texlive/texmf-dist/tex/latex/base/inputenc.sty
Package: inputenc 2015/03/17 v1.2c Input encoding file
\inpenc@prehook=\toks43
\inpenc@posthook=\toks44

(/usr/share/texlive/texmf-dist/tex/latex/ucs/utf8x.def
File: utf8x.def 2004/10/17 UCS: Input encoding UTF-8
))
(/usr/share/texlive/texmf-dist/tex/latex/ucs/ucs.sty
Package: ucs 2013/05/11 v2.2 UCS: Unicode input support

(/usr/share/texlive/texmf-dist/tex/latex/ucs/data/uni-global.def
File: uni-global.def 2013/05/13 UCS: Unicode global data
)
\uc@secondtry=\count153
\uc@combtoks=\toks45
\uc@combtoksb=\toks46
\uc@temptokena=\toks47
)
(/usr/share/texlive/texmf-dist/tex/generic/babel/babel.sty
Package: babel 2016/02/24 3.9q The Babel package

(/usr/share/texlive/texmf-dist/tex/generic/babel-french/frenchb.ldf
Language: frenchb 2016/02/13 v3.1l French support from the babel system

(/usr/share/texlive/texmf-dist/tex/generic/babel/babel.def
File: babel.def 2016/02/24 3.9q Babel common definitions
\babel@savecnt=\count154
\U@D=\dimen188
LaTeX Info: Redefining \textlatin on input line 1448.
)
\l@acadian = a dialect from \language\l@french 
\l@canadien = a dialect from \language\l@french 
\FBcolonskip=\skip57
\FBthinskip=\skip58
Package babel Info: Making : an active character on input line 342.
Package babel Info: Making ; an active character on input line 343.
Package babel Info: Making ! an active character on input line 344.
Package babel Info: Making ? an active character on input line 345.
\FBguillskip=\skip59
\FBguill@level=\count155
\FB@everypar=\toks48
\FB@Mht=\dimen189
\std@mcc=\count156
\dec@mcc=\count157
\listindentFB=\skip60
\labelwidthFB=\skip61
\leftmarginFB=\skip62
\parindentFFN=\dimen190
))
(/usr/share/texlive/texmf-dist/tex/latex/carlisle/scalefnt.sty)
Package frenchb.ldf Info: No list customisation for the beamer class,
(frenchb.ldf)             reported on input line 4.

(/usr/share/texlive/texmf-dist/tex/latex/graphics/epsfig.sty
Package: epsfig 1999/02/16 v1.7a (e)psfig emulation (SPQR)
\epsfxsize=\dimen191
\epsfysize=\dimen192
)
(/usr/share/texlive/texmf-dist/tex/latex/tools/xspace.sty
Package: xspace 2014/10/28 v1.13 Space after command names (DPC,MH)
)
(/usr/share/texlive/texmf-dist/tex/latex/algorithms/algorithm.sty
Package: algorithm 2009/08/24 v0.1 Document Style `algorithm' - floating enviro
nment

(/usr/share/texlive/texmf-dist/tex/latex/float/float.sty
Package: float 2001/11/08 v1.3d Float enhancements (AL)
\c@float@type=\count158
\float@exts=\toks49
\float@box=\box53
\@float@everytoks=\toks50
\@floatcapt=\box54
)
(/usr/share/texlive/texmf-dist/tex/latex/base/ifthen.sty
Package: ifthen 2014/09/29 v1.1c Standard LaTeX ifthen package (DPC)
)
\@float@every@algorithm=\toks51
\c@algorithm=\count159
)
(/usr/share/texlive/texmf-dist/tex/latex/algorithms/algorithmic.sty
Package: algorithmic 2009/08/24 v0.1 Document Style `algorithmic'
\c@ALC@unique=\count160
\c@ALC@line=\count161
\c@ALC@rem=\count162
\c@ALC@depth=\count163
\ALC@tlm=\skip63
\algorithmicindent=\skip64
)
(/usr/share/texlive/texmf-dist/tex/latex/pstricks/pstricks.sty
Package: pstricks 2015/11/14 v0.62 LaTeX wrapper for `PSTricks' (RN,HV)

(/usr/share/texlive/texmf-dist/tex/generic/pstricks/pstricks.tex
(/usr/share/texlive/texmf-dist/tex/generic/xkeyval/pst-xkey.tex
File: pst-xkey.tex 2005/11/25 v1.6 PSTricks specialization of xkeyval (HA)

(/usr/share/texlive/texmf-dist/tex/latex/xkeyval/xkeyval.sty
Package: xkeyval 2014/12/03 v2.7a package option processing (HA)

(/usr/share/texlive/texmf-dist/tex/generic/xkeyval/xkeyval.tex
(/usr/share/texlive/texmf-dist/tex/generic/xkeyval/xkvutils.tex
\XKV@toks=\toks52
\XKV@tempa@toks=\toks53
)
\XKV@depth=\count164
File: xkeyval.tex 2014/12/03 v2.7a key=value parser (HA)
)))
(/usr/share/texlive/texmf-dist/tex/generic/pstricks/pst-fp.tex
`pst-fp' v0.05, 2010/01/17 (hv)
\pstFP@xs=\count165
\pstFP@xia=\count166
\pstFP@xib=\count167
\pstFP@xfa=\count168
\pstFP@xfb=\count169
\pstFP@rega=\count170
\pstFP@regb=\count171
\pstFP@regs=\count172
\pstFP@times=\count173
)
(/usr/share/texlive/texmf-dist/tex/generic/pgf/utilities/pgfutil-common.tex
\pgfutil@everybye=\toks54
\pgfutil@tempdima=\dimen193
\pgfutil@tempdimb=\dimen194

(/usr/share/texlive/texmf-dist/tex/generic/pgf/utilities/pgfutil-common-lists.t
ex)) (/usr/share/texlive/texmf-dist/tex/generic/pgf/utilities/pgfkeys.code.tex)
(/usr/share/texlive/texmf-dist/tex/generic/pgf/utilities/pgffor.code.tex
(/usr/share/texlive/texmf-dist/tex/generic/pgf/math/pgfmath.code.tex)
\pgffor@iter=\dimen195
\pgffor@skip=\dimen196
\pgffor@stack=\toks55
\pgffor@toks=\toks56
)
\psLoopIndex=\count174

`PSTricks' v2.64b  <2015/14/11> (tvz)
\pst@dima=\dimen197
\pst@dimb=\dimen198
\pst@dimc=\dimen199
\pst@dimd=\dimen256
\pst@dimg=\dimen257
\pst@dimh=\dimen258
\pst@dimm=\dimen259
\pst@dimn=\dimen260
\pst@dimo=\dimen261
\pst@dimp=\dimen262
\pst@hbox=\box55
\pst@ibox=\box56
\pst@boxg=\box57
\pst@cnta=\count175
\pst@cntb=\count176
\pst@cntc=\count177
\pst@cntd=\count178
\pst@cntg=\count179
\pst@cnth=\count180
\pst@cntm=\count181
\pst@cntn=\count182
\pst@cnto=\count183
\pst@cntp=\count184
\@zero=\count185
\pst@toks=\toks57
(/usr/share/texlive/texmf-dist/tex/generic/pstricks/pstricks.con)
\psunit=\dimen263
\psxunit=\dimen264
\psyunit=\dimen265
\pst@C@@rType=\count186
\pslinewidth=\dimen266
\psk@startLW=\dimen267
\psk@endLW=\dimen268
\pst@customdefs=\toks58
\pslinearc=\dimen269
\pst@symbolStep=\dimen270
\pst@symbolWidth=\dimen271
\pst@symbolLinewidth=\dimen272
\everypsbox=\toks59
\psframesep=\dimen273
\pslabelsep=\dimen274
\sh@wgridXunit=\dimen275
\sh@wgridYunit=\dimen276
\pst@shift=\dimen277
)
File: pstricks.tex 2015/14/11 v2.64b `PSTricks' (tvz,hv)

(/usr/share/texlive/texmf-dist/tex/generic/pstricks/pst-fp.tex)
File: pst-fp.tex 2015/14/11 v2.64b `PST-fp' (hv)
)
(/usr/share/texlive/texmf-dist/tex/latex/pst-node/pst-node.sty
Package: pst-node 2012/09/18 v1.01 LaTeX wrapper for `pst-node' (HV)
Package: pst-node 2010/04/22 package wrapper for pst-node.tex

(/usr/share/texlive/texmf-dist/tex/generic/pst-node/pst-node.tex
 v1.35, 2014/08/04
\psrow=\count187
\pscol=\count188
\psmatrixcnt=\count189
\psrowsep=\skip65
\pscolsep=\skip66
\pst@args=\count190
\num@pts=\count191
\pst@argcnt=\count192
)
File: pst-node.tex 2014/08/04 1.35 `pst-node' (tvz,hv)
)
(/usr/share/texlive/texmf-dist/tex/latex/beamer/multimedia/multimedia.sty
Package: multimedia 2012/05/02 ver 0.02
\mm@movie=\count193
)
(/usr/share/texlive/texmf-dist/tex/latex/SIstyle/sistyle.sty
Package: sistyle 2008/07/16 v2.3a SI units and numbers (DNJ Els)
\ttoks@A=\toks60
\ttoks@B=\toks61
)
(/usr/share/texlive/texmf-dist/tex/latex/subfigure/subfigure.sty
Package: subfigure 2002/03/15 v2.1.5 subfigure package
\subfigtopskip=\skip67
\subfigcapskip=\skip68
\subfigcaptopadj=\dimen278
\subfigbottomskip=\skip69
\subfigcapmargin=\dimen279
\subfiglabelskip=\skip70
\c@subfigure=\count194
\c@lofdepth=\count195
\c@subtable=\count196
\c@lotdepth=\count197

****************************************
* Local config file subfigure.cfg used *
****************************************
(/usr/share/texlive/texmf-dist/tex/latex/subfigure/subfigure.cfg)
\subfig@top=\skip71
\subfig@bottom=\skip72
)
(/usr/share/texlive/texmf-dist/tex/latex/beamer/themes/theme/beamerthemeWarsaw.
sty
(/usr/share/texlive/texmf-dist/tex/latex/beamer/themes/inner/beamerinnerthemero
unded.sty)
(/usr/share/texlive/texmf-dist/tex/latex/beamer/themes/outer/beamerouterthemesh
adow.sty
(/usr/share/texlive/texmf-dist/tex/latex/beamer/themes/outer/beamerouterthemesp
lit.sty))
(/usr/share/texlive/texmf-dist/tex/latex/beamer/themes/color/beamercolorthemeor
chid.sty)
(/usr/share/texlive/texmf-dist/tex/latex/beamer/themes/color/beamercolorthemewh
ale.sty))
(/usr/share/texlive/texmf-dist/tex/latex/beamer/themes/color/beamercolorthemebe
aver.sty)
(/usr/share/texlive/texmf-dist/tex/latex/beamer/themes/theme/compatibility/beam
erthemesplit.sty
(/usr/share/texlive/texmf-dist/tex/latex/beamer/themes/font/beamerfontthemestru
cturebold.sty)) (/usr/share/texlive/texmf-dist/tex/latex/psnfss/pifont.sty
Package: pifont 2005/04/12 PSNFSS-v9.2a Pi font support (SPQR) 
LaTeX Font Info:    Try loading font information for U+pzd on input line 63.

(/usr/share/texlive/texmf-dist/tex/latex/psnfss/upzd.fd
File: upzd.fd 2001/06/04 font definitions for U/pzd.
)
LaTeX Font Info:    Try loading font information for U+psy on input line 64.

(/usr/share/texlive/texmf-dist/tex/latex/psnfss/upsy.fd
File: upsy.fd 2001/06/04 font definitions for U/psy.
))
(/usr/share/texlive/texmf-dist/tex/latex/setspace/setspace.sty
Package: setspace 2011/12/19 v6.7a set line spacing
)
(/usr/share/texlive/texmf-dist/tex/latex/ucs/data/uni-0.def
File: uni-0.def 2013/05/13 UCS: Unicode data U+0000..U+00FF
)

Package hyperref Warning: Token not allowed in a PDF string (PDFDocEncoding):
(hyperref)                removing `\\' on input line 111.


Package hyperref Warning: Token not allowed in a PDF string (PDFDocEncoding):
(hyperref)                removing `\\' on input line 111.


Package hyperref Warning: Token not allowed in a PDF string (PDFDocEncoding):
(hyperref)                removing `\\' on input line 111.


Package hyperref Warning: Token not allowed in a PDF string (PDFDocEncoding):
(hyperref)                removing `\\' on input line 111.


Package hyperref Warning: Token not allowed in a PDF string (PDFDocEncoding):
(hyperref)                removing `\\' on input line 111.


Package hyperref Warning: Token not allowed in a PDF string (PDFDocEncoding):
(hyperref)                removing `\<def>-command' on input line 132.


Package hyperref Warning: Token not allowed in a PDF string (PDFDocEncoding):
(hyperref)                removing `\reserved@a' on input line 132.


Package hyperref Warning: Token not allowed in a PDF string (PDFDocEncoding):
(hyperref)                removing `\<def>-command' on input line 132.


Package hyperref Warning: Token not allowed in a PDF string (PDFDocEncoding):
(hyperref)                removing `\reserved@b' on input line 132.


Package hyperref Warning: Token not allowed in a PDF string (PDFDocEncoding):
(hyperref)                removing `\<let>-command' on input line 132.


Package hyperref Warning: Token not allowed in a PDF string (PDFDocEncoding):
(hyperref)                removing `\<let>-command' on input line 132.


Package hyperref Warning: Token not allowed in a PDF string (PDFDocEncoding):
(hyperref)                removing `\reserved@c' on input line 132.


Package hyperref Warning: Token not allowed in a PDF string (PDFDocEncoding):
(hyperref)                removing `\<def>-command' on input line 132.


Package hyperref Warning: Token not allowed in a PDF string (PDFDocEncoding):
(hyperref)                removing `\beamer@temp' on input line 132.


Package hyperref Warning: Token not allowed in a PDF string (PDFDocEncoding):
(hyperref)                removing `\<def>-command' on input line 132.


Package hyperref Warning: Token not allowed in a PDF string (PDFDocEncoding):
(hyperref)                removing `\insertinstitute' on input line 132.


Package hyperref Warning: Token not allowed in a PDF string (PDFDocEncoding):
(hyperref)                removing `\<def>-command' on input line 132.


Package hyperref Warning: Token not allowed in a PDF string (PDFDocEncoding):
(hyperref)                removing `\beamer@shortinstitute' on input line 132.


Package hyperref Warning: Token not allowed in a PDF string (PDFDocEncoding):
(hyperref)                removing `\<def>-command' on input line 132.


Package hyperref Warning: Token not allowed in a PDF string (PDFDocEncoding):
(hyperref)                removing `\beamer@temp' on input line 132.


Package hyperref Warning: Token not allowed in a PDF string (PDFDocEncoding):
(hyperref)                removing `\<def>-command' on input line 132.


Package hyperref Warning: Token not allowed in a PDF string (PDFDocEncoding):
(hyperref)                removing `\insertinstitute' on input line 132.


Package hyperref Warning: Token not allowed in a PDF string (PDFDocEncoding):
(hyperref)                removing `\<def>-command' on input line 132.


Package hyperref Warning: Token not allowed in a PDF string (PDFDocEncoding):
(hyperref)                removing `\beamer@shortinstitute' on input line 132.

(./beamer_demo.aux)
\openout1 = `beamer_demo.aux'.

LaTeX Font Info:    Checking defaults for OML/cmm/m/it on input line 132.
LaTeX Font Info:    ... okay on input line 132.
LaTeX Font Info:    Checking defaults for T1/cmr/m/n on input line 132.
LaTeX Font Info:    ... okay on input line 132.
LaTeX Font Info:    Checking defaults for OT1/cmr/m/n on input line 132.
LaTeX Font Info:    ... okay on input line 132.
LaTeX Font Info:    Checking defaults for OMS/cmsy/m/n on input line 132.
LaTeX Font Info:    ... okay on input line 132.
LaTeX Font Info:    Checking defaults for OMX/cmex/m/n on input line 132.
LaTeX Font Info:    ... okay on input line 132.
LaTeX Font Info:    Checking defaults for U/cmr/m/n on input line 132.
LaTeX Font Info:    ... okay on input line 132.
LaTeX Font Info:    Checking defaults for PD1/pdf/m/n on input line 132.
LaTeX Font Info:    ... okay on input line 132.

*geometry* driver: auto-detecting
*geometry* detected driver: pdftex
*geometry* verbose mode - [ preamble ] result:
* driver: pdftex
* paper: custom
* layout: <same size as paper>
* layoutoffset:(h,v)=(0.0pt,0.0pt)
* modes: includehead includefoot 
* h-part:(L,W,R)=(14.22636pt, 335.74263pt, 14.22636pt)
* v-part:(T,H,B)=(0.0pt, 273.14662pt, 0.0pt)
* \paperwidth=364.19536pt
* \paperheight=273.14662pt
* \textwidth=335.74263pt
* \textheight=244.6939pt
* \oddsidemargin=-58.04362pt
* \evensidemargin=-58.04362pt
* \topmargin=-72.26999pt
* \headheight=14.22636pt
* \headsep=0.0pt
* \topskip=12.0pt
* \footskip=14.22636pt
* \marginparwidth=4.0pt
* \marginparsep=10.0pt
* \columnsep=10.0pt
* \skip\footins=10.8pt plus 4.0pt minus 2.0pt
* \hoffset=0.0pt
* \voffset=0.0pt
* \mag=1000
* \@twocolumnfalse
* \@twosidefalse
* \@mparswitchfalse
* \@reversemarginfalse
* (1in=72.27pt=25.4mm, 1cm=28.453pt)

(/usr/share/texlive/texmf-dist/tex/context/base/supp-pdf.mkii
[Loading MPS to PDF converter (version 2006.09.02).]
\scratchcounter=\count198
\scratchdimen=\dimen280
\scratchbox=\box58
\nofMPsegments=\count199
\nofMParguments=\count266
\everyMPshowfont=\toks62
\MPscratchCnt=\count267
\MPscratchDim=\dimen281
\MPnumerator=\count268
\makeMPintoPDFobject=\count269
\everyMPtoPDFconversion=\toks63
) (/usr/share/texlive/texmf-dist/tex/latex/oberdiek/epstopdf-base.sty
Package: epstopdf-base 2010/02/09 v2.5 Base part for package epstopdf

(/usr/share/texlive/texmf-dist/tex/latex/oberdiek/grfext.sty
Package: grfext 2010/08/19 v1.1 Manage graphics extensions (HO)
)
Package grfext Info: Graphics extension search list:
(grfext)             [.png,.pdf,.jpg,.mps,.jpeg,.jbig2,.jb2,.PNG,.PDF,.JPG,.JPE
G,.JBIG2,.JB2,.eps]
(grfext)             \AppendGraphicsExtensions on input line 452.

(/usr/share/texlive/texmf-dist/tex/latex/latexconfig/epstopdf-sys.cfg
File: epstopdf-sys.cfg 2010/07/13 v1.3 Configuration of (r)epstopdf for TeX Liv
e
))
ABD: EveryShipout initializing macros
\AtBeginShipoutBox=\box59
Package hyperref Info: Link coloring OFF on input line 132.

(/usr/share/texlive/texmf-dist/tex/latex/hyperref/nameref.sty
Package: nameref 2012/10/27 v2.43 Cross-referencing by name of section

(/usr/share/texlive/texmf-dist/tex/generic/oberdiek/gettitlestring.sty
Package: gettitlestring 2010/12/03 v1.4 Cleanup title references (HO)
)
\c@section@level=\count270
)
LaTeX Info: Redefining \ref on input line 132.
LaTeX Info: Redefining \pageref on input line 132.
LaTeX Info: Redefining \nameref on input line 132.

(./beamer_demo.out) (./beamer_demo.out)
\@outlinefile=\write5
\openout5 = `beamer_demo.out'.

LaTeX Font Info:    Overwriting symbol font `operators' in version `normal'
(Font)                  OT1/cmr/m/n --> OT1/cmss/m/n on input line 132.
LaTeX Font Info:    Overwriting symbol font `operators' in version `bold'
(Font)                  OT1/cmr/bx/n --> OT1/cmss/bx/n on input line 132.
\symnumbers=\mathgroup6
\sympureletters=\mathgroup7
LaTeX Font Info:    Overwriting math alphabet `\mathrm' in version `normal'
(Font)                  OT1/cmss/m/n --> OT1/cmr/m/n on input line 132.
LaTeX Font Info:    Redeclaring math alphabet \mathbf on input line 132.
LaTeX Font Info:    Overwriting math alphabet `\mathbf' in version `normal'
(Font)                  OT1/cmr/bx/n --> OT1/cmss/bx/n on input line 132.
LaTeX Font Info:    Overwriting math alphabet `\mathbf' in version `bold'
(Font)                  OT1/cmr/bx/n --> OT1/cmss/bx/n on input line 132.
LaTeX Font Info:    Redeclaring math alphabet \mathsf on input line 132.
LaTeX Font Info:    Overwriting math alphabet `\mathsf' in version `normal'
(Font)                  OT1/cmss/m/n --> OT1/cmss/m/n on input line 132.
LaTeX Font Info:    Overwriting math alphabet `\mathsf' in version `bold'
(Font)                  OT1/cmss/bx/n --> OT1/cmss/m/n on input line 132.
LaTeX Font Info:    Redeclaring math alphabet \mathit on input line 132.
LaTeX Font Info:    Overwriting math alphabet `\mathit' in version `normal'
(Font)                  OT1/cmr/m/it --> OT1/cmss/m/it on input line 132.
LaTeX Font Info:    Overwriting math alphabet `\mathit' in version `bold'
(Font)                  OT1/cmr/bx/it --> OT1/cmss/m/it on input line 132.
LaTeX Font Info:    Redeclaring math alphabet \mathtt on input line 132.
LaTeX Font Info:    Overwriting math alphabet `\mathtt' in version `normal'
(Font)                  OT1/cmtt/m/n --> OT1/cmtt/m/n on input line 132.
LaTeX Font Info:    Overwriting math alphabet `\mathtt' in version `bold'
(Font)                  OT1/cmtt/m/n --> OT1/cmtt/m/n on input line 132.
LaTeX Font Info:    Overwriting symbol font `numbers' in version `bold'
(Font)                  OT1/cmss/m/n --> OT1/cmss/bx/n on input line 132.
LaTeX Font Info:    Overwriting symbol font `pureletters' in version `bold'
(Font)                  OT1/cmss/m/it --> OT1/cmss/bx/it on input line 132.
LaTeX Font Info:    Overwriting math alphabet `\mathrm' in version `bold'
(Font)                  OT1/cmss/bx/n --> OT1/cmr/bx/n on input line 132.
LaTeX Font Info:    Overwriting math alphabet `\mathbf' in version `bold'
(Font)                  OT1/cmss/bx/n --> OT1/cmss/bx/n on input line 132.
LaTeX Font Info:    Overwriting math alphabet `\mathsf' in version `bold'
(Font)                  OT1/cmss/m/n --> OT1/cmss/bx/n on input line 132.
LaTeX Font Info:    Overwriting math alphabet `\mathit' in version `bold'
(Font)                  OT1/cmss/m/it --> OT1/cmss/bx/it on input line 132.
LaTeX Font Info:    Overwriting math alphabet `\mathtt' in version `bold'
(Font)                  OT1/cmtt/m/n --> OT1/cmtt/bx/n on input line 132.
LaTeX Font Info:    Redeclaring symbol font `pureletters' on input line 132.
LaTeX Font Info:    Overwriting symbol font `pureletters' in version `normal'
(Font)                  OT1/cmss/m/it --> OT1/mathkerncmss/m/sl on input line 1
32.
LaTeX Font Info:    Overwriting symbol font `pureletters' in version `bold'
(Font)                  OT1/cmss/bx/it --> OT1/mathkerncmss/m/sl on input line 
132.
LaTeX Font Info:    Overwriting symbol font `pureletters' in version `bold'
(Font)                  OT1/mathkerncmss/m/sl --> OT1/mathkerncmss/bx/sl on inp
ut line 132.

(/usr/share/texlive/texmf-dist/tex/latex/beamer/translator/dicts/translator-bas
ic-dictionary/translator-basic-dictionary-English.dict
Dictionary: translator-basic-dictionary, Language: English 
)
(/usr/share/texlive/texmf-dist/tex/latex/beamer/translator/dicts/translator-bib
liography-dictionary/translator-bibliography-dictionary-English.dict
Dictionary: translator-bibliography-dictionary, Language: English 
)
(/usr/share/texlive/texmf-dist/tex/latex/beamer/translator/dicts/translator-env
ironment-dictionary/translator-environment-dictionary-English.dict
Dictionary: translator-environment-dictionary, Language: English 
)
(/usr/share/texlive/texmf-dist/tex/latex/beamer/translator/dicts/translator-mon
ths-dictionary/translator-months-dictionary-English.dict
Dictionary: translator-months-dictionary, Language: English 
)
(/usr/share/texlive/texmf-dist/tex/latex/beamer/translator/dicts/translator-num
bers-dictionary/translator-numbers-dictionary-English.dict
Dictionary: translator-numbers-dictionary, Language: English 
)
(/usr/share/texlive/texmf-dist/tex/latex/beamer/translator/dicts/translator-the
orem-dictionary/translator-theorem-dictionary-English.dict
Dictionary: translator-theorem-dictionary, Language: English 
)
LaTeX Info: Redefining \includegraphics on input line 132.

(/usr/share/texlive/texmf-dist/tex/latex/ucs/ucsencs.def
File: ucsencs.def 2011/01/21 Fixes to fontencodings LGR, T3
)
LaTeX Info: Redefining \degres on input line 132.
LaTeX Info: Redefining \dots on input line 132.
LaTeX Info: Redefining \up on input line 132.


Package frenchb.ldf Warning: OT1 encoding should not be used for French.
(frenchb.ldf)                Add \usepackage[T1]{fontenc} to the preamble
(frenchb.ldf)                of your document, on input line 132.

LaTeX Font Info:    Try loading font information for U+msa on input line 132.
(/usr/share/texlive/texmf-dist/tex/latex/amsfonts/umsa.fd
File: umsa.fd 2013/01/14 v3.01 AMS symbols A
)
LaTeX Font Info:    Try loading font information for U+msb on input line 132.

(/usr/share/texlive/texmf-dist/tex/latex/amsfonts/umsb.fd
File: umsb.fd 2013/01/14 v3.01 AMS symbols B
)
LaTeX Font Info:    Try loading font information for OT1+mathkerncmss on input 
line 132.

(/usr/share/texlive/texmf-dist/tex/latex/sansmathaccent/ot1mathkerncmss.fd
File: ot1mathkerncmss.fd 2013/03/27 Fontinst v1.933 font definitions for OT1/ma
thkerncmss.
)
(./beamer_demo.nav)
</home/saura/Documents/LB_2017/pic/polytech.jpg, id=27, 341.3553pt x 217.2918pt
>
File: /home/saura/Documents/LB_2017/pic/polytech.jpg Graphic file (type jpg)
 <use /home/saura/Documents/LB_2017/pic/polytech.jpg>
Package pdftex.def Info: /home/saura/Documents/LB_2017/pic/polytech.jpg used on
 input line 134.
(pdftex.def)             Requested size: 51.20108pt x 32.59235pt.

</home/saura/Documents/LB_2017/pic/centrale.png, id=28, 238.8925pt x 298.11375p
t>
File: /home/saura/Documents/LB_2017/pic/centrale.png Graphic file (type png)
 <use /home/saura/Documents/LB_2017/pic/centrale.png>
Package pdftex.def Info: /home/saura/Documents/LB_2017/pic/centrale.png used on
 input line 134.
(pdftex.def)             Requested size: 35.83232pt x 44.71513pt.

</home/saura/Documents/LB_2017/pic/centrale_innov.png, id=30, 219.82124pt x 145
.54375pt>
File: /home/saura/Documents/LB_2017/pic/centrale_innov.png Graphic file (type p
ng)
 <use /home/saura/Documents/LB_2017/pic/centrale_innov.png>
Package pdftex.def Info: /home/saura/Documents/LB_2017/pic/centrale_innov.png u
sed on input line 134.
(pdftex.def)             Requested size: 54.95517pt x 36.38583pt.

</home/saura/Documents/LB_2017/pic/univ_lyon.png, id=31, 343.2825pt x 147.55125
pt>
File: /home/saura/Documents/LB_2017/pic/univ_lyon.png Graphic file (type png)
 <use /home/saura/Documents/LB_2017/pic/univ_lyon.png>
Package pdftex.def Info: /home/saura/Documents/LB_2017/pic/univ_lyon.png used o
n input line 134.
(pdftex.def)             Requested size: 68.65527pt x 29.50972pt.

Overfull \vbox (121.72276pt too high) detected at line 134
 []


LaTeX Font Warning: Font shape `OT1/cmss/bx/n' in size <4> not available
(Font)              size <5> substituted on input line 134.


LaTeX Font Warning: Font shape `OT1/cmss/m/n' in size <4> not available
(Font)              size <5> substituted on input line 134.

[1
Non-PDF special ignored!
Non-PDF special ignored!
Non-PDF special ignored!
Non-PDF special ignored!
Non-PDF special ignored!


Non-PDF special ignored!
Non-PDF special ignored!
Non-PDF special ignored!
Non-PDF special ignored!{/var/lib/texmf/fonts/map/pdftex/updmap/pdftex.map} </h
ome/saura/Documents/LB_2017/pic/polytech.jpg> </home/saura/Documents/LB_2017/pi
c/centrale.png> </home/saura/Documents/LB_2017/pic/centrale_innov.png> </home/s
aura/Documents/LB_2017/pic/univ_lyon.png>]
</home/saura/Documents/LB_2017/pic/gas_disp.png, id=74, 362.35374pt x 348.30125
pt>
File: /home/saura/Documents/LB_2017/pic/gas_disp.png Graphic file (type png)
 <use /home/saura/Documents/LB_2017/pic/gas_disp.png>
Package pdftex.def Info: /home/saura/Documents/LB_2017/pic/gas_disp.png used on
 input line 192.
(pdftex.def)             Requested size: 108.70695pt x 104.49118pt.

(/usr/share/texlive/texmf-dist/tex/latex/ucs/data/uni-1.def
File: uni-1.def 2013/05/13 UCS: Unicode data U+0100..U+01FF
) [2

 </home/saura/Documents/LB_2017/pic/gas_disp.png>] [3

] [4

]
</home/saura/Documents/LB_2017/pic/BL_est.png, id=166, 886.31125pt x 168.63pt>
File: /home/saura/Documents/LB_2017/pic/BL_est.png Graphic file (type png)

<use /home/saura/Documents/LB_2017/pic/BL_est.png>
Package pdftex.def Info: /home/saura/Documents/LB_2017/pic/BL_est.png used on i
nput line 254.
(pdftex.def)             Requested size: 354.51822pt x 67.45079pt.

Overfull \hbox (18.77559pt too wide) in paragraph at lines 254--254
 [] 
 []

[5

 </home/saura/Documents/LB_2017/pic/BL_est.png>]
</home/saura/Documents/LB_2017/pic/spire_im.png, id=198, 733.74126pt x 292.0912
5pt>
File: /home/saura/Documents/LB_2017/pic/spire_im.png Graphic file (type png)
 <use /home/saura/Documents/LB_2017/pic/spire_im.png>
Package pdftex.def Info: /home/saura/Documents/LB_2017/pic/spire_im.png used on
 input line 291.
(pdftex.def)             Requested size: 190.76822pt x 75.94193pt.

Overfull \hbox (6.10875pt too wide) in paragraph at lines 291--291
 [][] 
 []


</home/saura/Documents/LB_2017/pic/cote.png, id=199, 809.0225pt x 268.00125pt>
File: /home/saura/Documents/LB_2017/pic/cote.png Graphic file (type png)

<use /home/saura/Documents/LB_2017/pic/cote.png>
Package pdftex.def Info: /home/saura/Documents/LB_2017/pic/cote.png used on inp
ut line 291.
(pdftex.def)             Requested size: 202.25513pt x 67.00014pt.

Overfull \hbox (17.59566pt too wide) in paragraph at lines 291--291
[]  
 []

[6

 </home/saura/Documents/LB_2017/pic/spire_im.png> </home/saura/Documents/LB_201
7/pic/cote.png>] [7

] [8

] [9

] [10

]
</home/saura/Documents/LB_2017/pic/vxx_fitt.png, id=352, 337.26pt x 576.1525pt>
File: /home/saura/Documents/LB_2017/pic/vxx_fitt.png Graphic file (type png)
<use /home/saura/Documents/LB_2017/pic/vxx_fitt.png>
Package pdftex.def Info: /home/saura/Documents/LB_2017/pic/vxx_fitt.png used on
 input line 407.
(pdftex.def)             Requested size: 92.7442pt x 158.43802pt.

</home/saura/Documents/LB_2017/pic/k_fitt.png, id=353, 425.59pt x 633.36626pt>
File: /home/saura/Documents/LB_2017/pic/k_fitt.png Graphic file (type png)

<use /home/saura/Documents/LB_2017/pic/k_fitt.png>
Package pdftex.def Info: /home/saura/Documents/LB_2017/pic/k_fitt.png used on i
nput line 407.
(pdftex.def)             Requested size: 106.39723pt x 158.34117pt.

</home/saura/Documents/LB_2017/pic/eps_fitt.png, id=354, 398.48875pt x 629.3512
6pt>
File: /home/saura/Documents/LB_2017/pic/eps_fitt.png Graphic file (type png)
 <use /home/saura/Documents/LB_2017/pic/eps_fitt.png>
Package pdftex.def Info: /home/saura/Documents/LB_2017/pic/eps_fitt.png used on
 input line 407.
(pdftex.def)             Requested size: 99.62193pt x 157.33742pt.
 [11

 </home/saura/Documents/LB_2017/pic/vxx_fitt.png> </home/saura/Documents/LB_201
7/pic/k_fitt.png> </home/saura/Documents/LB_2017/pic/eps_fitt.png>]
</home/saura/Documents/LB_2017/pic/out_inline_first.png, id=386, 533.995pt x 35
6.33125pt>
File: /home/saura/Documents/LB_2017/pic/out_inline_first.png Graphic file (type
 png)
 <use /home/saura/Documents/LB_2017/pic/out_inline_first.png>
Package pdftex.def Info: /home/saura/Documents/LB_2017/pic/out_inline_first.png
 used on input line 435.
(pdftex.def)             Requested size: 202.92021pt x 135.40727pt.

Overfull \hbox (35.0489pt too wide) in paragraph at lines 435--435
 [] 
 []


Overfull \vbox (1.18613pt too high) detected at line 435
 []

[12

 </home/saura/Documents/LB_2017/pic/out_inline_first.png>]
File: /home/saura/Documents/LB_2017/pic/out_inline_first.png Graphic file (type
 png)

<use /home/saura/Documents/LB_2017/pic/out_inline_first.png>
Package pdftex.def Info: /home/saura/Documents/LB_2017/pic/out_inline_first.png
 used on input line 435.
(pdftex.def)             Requested size: 202.92021pt x 135.40727pt.

Overfull \hbox (35.0489pt too wide) in paragraph at lines 435--435
 [] 
 []


Overfull \vbox (1.18613pt too high) detected at line 435
 []

[13

] [14

]
</home/saura/Documents/LB_2017/pic/vitesse_comp_theo.png, id=472, 847.165pt x 5
71.13374pt>
File: /home/saura/Documents/LB_2017/pic/vitesse_comp_theo.png Graphic file (typ
e png)
 <use /home/saura/Documents/LB_2017/pic/vitesse_comp_theo.png>
Package pdftex.def Info: /home/saura/Documents/LB_2017/pic/vitesse_comp_theo.pn
g used on input line 478.
(pdftex.def)             Requested size: 228.7376pt x 154.20818pt.

Overfull \hbox (27.28998pt too wide) in paragraph at lines 478--478
 [] 
 []

[15

 </home/saura/Documents/LB_2017/pic/vitesse_comp_theo.png>]
File: /home/saura/Documents/LB_2017/pic/vitesse_comp_theo.png Graphic file (typ
e png)

<use /home/saura/Documents/LB_2017/pic/vitesse_comp_theo.png>
Package pdftex.def Info: /home/saura/Documents/LB_2017/pic/vitesse_comp_theo.pn
g used on input line 478.
(pdftex.def)             Requested size: 228.7376pt x 154.20818pt.

Overfull \hbox (27.28998pt too wide) in paragraph at lines 478--478
 [] 
 []

[16

]

LaTeX Font Warning: Font shape `OT1/cmss/bx/it' undefined
(Font)              using `OT1/cmss/bx/n' instead on input line 508.

[17

] [18

] [19

]
</home/saura/Documents/LB_2017/exploitable/Ri_Hp_Up.png, id=618, 1127.21124pt x
 612.2875pt>
File: /home/saura/Documents/LB_2017/exploitable/Ri_Hp_Up.png Graphic file (type
 png)
 <use /home/saura/Documents/LB_2017/exploitable/Ri_Hp_Up.png>
Package pdftex.def Info: /home/saura/Documents/LB_2017/exploitable/Ri_Hp_Up.png
 used on input line 538.
(pdftex.def)             Requested size: 338.16599pt x 183.68767pt.

Overfull \hbox (2.42336pt too wide) in paragraph at lines 538--538
 [] 
 []

[20

 </home/saura/Documents/LB_2017/exploitable/Ri_Hp_Up.png>]
</home/saura/Documents/LB_2017/exploitable/diff_ustar.png, id=647, 1178.4025pt 
x 561.09625pt>
File: /home/saura/Documents/LB_2017/exploitable/diff_ustar.png Graphic file (ty
pe png)
 <use /home/saura/Documents/LB_2017/exploitable/diff_ustar.png>
Package pdftex.def Info: /home/saura/Documents/LB_2017/exploitable/diff_ustar.p
ng used on input line 547.
(pdftex.def)             Requested size: 353.52348pt x 168.33017pt.

Overfull \hbox (17.78085pt too wide) in paragraph at lines 547--547
 [] 
 []

[21

 </home/saura/Documents/LB_2017/exploitable/diff_ustar.png>] [22

] [23

]
[24

] [25

] [26

] [27

]
</home/saura/Documents/LB_2017/pic/D3_Q19.png, id=847, 504.88625pt x 420.57124p
t>
File: /home/saura/Documents/LB_2017/pic/D3_Q19.png Graphic file (type png)
 <use /home/saura/Documents/LB_2017/pic/D3_Q19.png>
Package pdftex.def Info: /home/saura/Documents/LB_2017/pic/D3_Q19.png used on i
nput line 661.
(pdftex.def)             Requested size: 151.46703pt x 126.17235pt.
 [28

 </home/saura/Documents/LB_2017/pic/D3_Q19.png>] [29

] [30

]
</home/saura/Documents/LB_2017/pic/domaine_mpi.png, id=933, 594.22pt x 286.0687
6pt>
File: /home/saura/Documents/LB_2017/pic/domaine_mpi.png Graphic file (type png)

 <use /home/saura/Documents/LB_2017/pic/domaine_mpi.png>
Package pdftex.def Info: /home/saura/Documents/LB_2017/pic/domaine_mpi.png used
 on input line 719.
(pdftex.def)             Requested size: 190.15428pt x 91.54387pt.
 [31

 </home/saura/Documents/LB_2017/pic/domaine_mpi.png>]
File: /home/saura/Documents/LB_2017/pic/D3_Q19.png Graphic file (type png)

<use /home/saura/Documents/LB_2017/pic/D3_Q19.png>
Package pdftex.def Info: /home/saura/Documents/LB_2017/pic/D3_Q19.png used on i
nput line 728.
(pdftex.def)             Requested size: 161.5669pt x 134.58554pt.
 [32

]
</home/saura/Documents/LB_2017/pic/D3_Q27.png, id=994, 517.935pt x 431.6125pt>
File: /home/saura/Documents/LB_2017/pic/D3_Q27.png Graphic file (type png)

<use /home/saura/Documents/LB_2017/pic/D3_Q27.png>
Package pdftex.def Info: /home/saura/Documents/LB_2017/pic/D3_Q27.png used on i
nput line 728.
(pdftex.def)             Requested size: 165.74257pt x 138.11882pt.
 [33

 </home/saura/Documents/LB_2017/pic/D3_Q27.png>] [34

]
</home/saura/Documents/LB_2017/pic/streaming0.pdf, id=1051, 597.23125pt x 845.1
575pt>
File: /home/saura/Documents/LB_2017/pic/streaming0.pdf Graphic file (type pdf)
 <use /home/saura/Documents/LB_2017/pic/streaming0.pdf>
Package pdftex.def Info: /home/saura/Documents/LB_2017/pic/streaming0.pdf used 
on input line 772.
(pdftex.def)             Requested size: 256.80443pt x 363.41064pt.

Overfull \vbox (134.79108pt too high) detected at line 772
 []

[35

 </home/saura/Documents/LB_2017/pic/streaming0.pdf>]
</home/saura/Documents/LB_2017/pic/streaming.pdf, id=1096, 597.23125pt x 845.15
75pt>
File: /home/saura/Documents/LB_2017/pic/streaming.pdf Graphic file (type pdf)
 <use /home/saura/Documents/LB_2017/pic/streaming.pdf>
Package pdftex.def Info: /home/saura/Documents/LB_2017/pic/streaming.pdf used o
n input line 772.
(pdftex.def)             Requested size: 256.80443pt x 363.41064pt.

Overfull \vbox (134.79108pt too high) detected at line 772
 []

[36

 </home/saura/Documents/LB_2017/pic/streaming.pdf>]
</home/saura/Documents/LB_2017/pic/streaming2.pdf, id=1127, 597.23125pt x 845.1
575pt>
File: /home/saura/Documents/LB_2017/pic/streaming2.pdf Graphic file (type pdf)
 <use /home/saura/Documents/LB_2017/pic/streaming2.pdf>
Package pdftex.def Info: /home/saura/Documents/LB_2017/pic/streaming2.pdf used 
on input line 772.
(pdftex.def)             Requested size: 256.80443pt x 363.41064pt.

Overfull \vbox (134.79108pt too high) detected at line 772
 []

[37

 </home/saura/Documents/LB_2017/pic/streaming2.pdf>]
</home/saura/Documents/LB_2017/pic/streaming1.pdf, id=1176, 597.23125pt x 845.1
575pt>
File: /home/saura/Documents/LB_2017/pic/streaming1.pdf Graphic file (type pdf)
 <use /home/saura/Documents/LB_2017/pic/streaming1.pdf>
Package pdftex.def Info: /home/saura/Documents/LB_2017/pic/streaming1.pdf used 
on input line 772.
(pdftex.def)             Requested size: 256.80443pt x 363.41064pt.

Overfull \vbox (134.79108pt too high) detected at line 772
 []

[38

 </home/saura/Documents/LB_2017/pic/streaming1.pdf>]
</home/saura/Documents/LB_2017/pic/post-coll.png, id=1221, 214.8025pt x 216.81p
t>
File: /home/saura/Documents/LB_2017/pic/post-coll.png Graphic file (type png)
 <use /home/saura/Documents/LB_2017/pic/post-coll.png>
Package pdftex.def Info: /home/saura/Documents/LB_2017/pic/post-coll.png used o
n input line 799.
(pdftex.def)             Requested size: 85.91946pt x 86.72246pt.
 [39

 </home/saura/Documents/LB_2017/pic/post-coll.png>]
</home/saura/Documents/LB_2017/pic/precollision_ns.png, id=1251, 511.9125pt x 2
50.9375pt>
File: /home/saura/Documents/LB_2017/pic/precollision_ns.png Graphic file (type 
png)
 <use /home/saura/Documents/LB_2017/pic/precollision_ns.png>
Package pdftex.def Info: /home/saura/Documents/LB_2017/pic/precollision_ns.png 
used on input line 814.
(pdftex.def)             Requested size: 255.95563pt x 125.46843pt.
 [40

 </home/saura/Documents/LB_2017/pic/precollision_ns.png>]
</home/saura/Documents/LB_2017/pic/intermediaire_ns.png, id=1283, 683.55376pt x
 371.3875pt>
File: /home/saura/Documents/LB_2017/pic/intermediaire_ns.png Graphic file (type
 png)
 <use /home/saura/Documents/LB_2017/pic/intermediaire_ns.png>
Package pdftex.def Info: /home/saura/Documents/LB_2017/pic/intermediaire_ns.png
 used on input line 814.
(pdftex.def)             Requested size: 273.41666pt x 148.55235pt.

[41

 </home/saura/Documents/LB_2017/pic/intermediaire_ns.png>]
</home/saura/Documents/LB_2017/pic/noslip.png, id=1311, 509.905pt x 293.095pt>
File: /home/saura/Documents/LB_2017/pic/noslip.png Graphic file (type png)

<use /home/saura/Documents/LB_2017/pic/noslip.png>
Package pdftex.def Info: /home/saura/Documents/LB_2017/pic/noslip.png used on i
nput line 814.
(pdftex.def)             Requested size: 254.95187pt x 146.54713pt.
 [42

 </home/saura/Documents/LB_2017/pic/noslip.png>]
File: /home/saura/Documents/LB_2017/pic/post-coll.png Graphic file (type png)
 <use /home/saura/Documents/LB_2017/pic/post-coll.png>
Package pdftex.def Info: /home/saura/Documents/LB_2017/pic/post-coll.png used o
n input line 841.
(pdftex.def)             Requested size: 85.91946pt x 86.72246pt.

[43

]
</home/saura/Documents/LB_2017/pic/LB-BL.png, id=1369, 1431.3475pt x 787.94376p
t>
File: /home/saura/Documents/LB_2017/pic/LB-BL.png Graphic file (type png)
 <use /home/saura/Documents/LB_2017/pic/LB-BL.png>
Package pdftex.def Info: /home/saura/Documents/LB_2017/pic/LB-BL.png used on in
put line 868.
(pdftex.def)             Requested size: 286.26442pt x 157.58595pt.
 [44

 </home/saura/Documents/LB_2017/pic/LB-BL.png>] [45

] [46

] [47

] [48

] [49

] [50

] [51

]
</home/saura/Documents/LB_2017/pic/precollision.png, id=1598, 514.92375pt x 294
.09875pt>
File: /home/saura/Documents/LB_2017/pic/precollision.png Graphic file (type png
)
 <use /home/saura/Documents/LB_2017/pic/precollision.png>
Package pdftex.def Info: /home/saura/Documents/LB_2017/pic/precollision.png use
d on input line 1047.
(pdftex.def)             Requested size: 257.46124pt x 147.04901pt.
 [52

 </home/saura/Documents/LB_2017/pic/precollision.png>]
</home/saura/Documents/LB_2017/pic/intermediaire.png, id=1628, 705.63625pt x 39
7.485pt>
File: /home/saura/Documents/LB_2017/pic/intermediaire.png Graphic file (type pn
g)
 <use /home/saura/Documents/LB_2017/pic/intermediaire.png>
Package pdftex.def Info: /home/saura/Documents/LB_2017/pic/intermediaire.png us
ed on input line 1047.
(pdftex.def)             Requested size: 282.2495pt x 158.99118pt.
 [53

 </home/saura/Documents/LB_2017/pic/intermediaire.png>]
</home/saura/Documents/LB_2017/pic/freeslip.png, id=1656, 523.9575pt x 306.1437
5pt>
File: /home/saura/Documents/LB_2017/pic/freeslip.png Graphic file (type png)
 <use /home/saura/Documents/LB_2017/pic/freeslip.png>
Package pdftex.def Info: /home/saura/Documents/LB_2017/pic/freeslip.png used on
 input line 1047.
(pdftex.def)             Requested size: 261.9781pt x 153.07149pt.
 [54

 </home/saura/Documents/LB_2017/pic/freeslip.png>]
</home/saura/Documents/LB_2017/exploitable/ri_vs_up_g1.png, id=1685, 1071.00125
pt x 773.89125pt>
File: /home/saura/Documents/LB_2017/exploitable/ri_vs_up_g1.png Graphic file (t
ype png)

<use /home/saura/Documents/LB_2017/exploitable/ri_vs_up_g1.png>
Package pdftex.def Info: /home/saura/Documents/LB_2017/exploitable/ri_vs_up_g1.
png used on input line 1056.
(pdftex.def)             Requested size: 267.74965pt x 193.47234pt.
 [55

 </home/saura/Documents/LB_2017/exploitable/ri_vs_up_g1.png>]
\tf@nav=\write6
\openout6 = `beamer_demo.nav'.

\tf@toc=\write7
\openout7 = `beamer_demo.toc'.

\tf@snm=\write8
\openout8 = `beamer_demo.snm'.

Package atveryend Info: Empty hook `BeforeClearDocument' on input line 1060.
Package atveryend Info: Empty hook `AfterLastShipout' on input line 1060.
 (./beamer_demo.aux)
Package atveryend Info: Executing hook `AtVeryEndDocument' on input line 1060.
Package atveryend Info: Executing hook `AtEndAfterFileList' on input line 1060.

Package rerunfilecheck Info: File `beamer_demo.out' has not changed.
(rerunfilecheck)             Checksum: 23BEC6255EC6E34B4D290D94D0F945EB;39.


LaTeX Font Warning: Size substitutions with differences
(Font)              up to 1.0pt have occurred.


LaTeX Font Warning: Some font shapes were not available, defaults substituted.

Package atveryend Info: Empty hook `AtVeryVeryEnd' on input line 1060.
 )
(\end occurred when \unless\ifcsname on line 132 was incomplete) 
Here is how much of TeX's memory you used:
 23007 strings out of 494810
 417409 string characters out of 6177111
 529661 words of memory out of 5000000
 25591 multiletter control sequences out of 15000+600000
 28696 words of font info for 96 fonts, out of 8000000 for 9000
 81 hyphenation exceptions out of 8191
 56i,16n,66p,569b,886s stack positions out of 5000i,500n,10000p,200000b,80000s
 </home/saura/.
texmf-var/fonts/pk/ljfour/jknappen/ec/ecso1200.600pk> </home/saura/.texmf-var/f
onts/pk/ljfour/jknappen/ec/ecso0800.600pk></usr/share/texlive/texmf-dist/fonts/
type1/public/amsfonts/cm/cmcsc10.pfb></usr/share/texlive/texmf-dist/fonts/type1
/public/amsfonts/cm/cmex10.pfb></usr/share/texlive/texmf-dist/fonts/type1/publi
c/amsfonts/cm/cmmi10.pfb></usr/share/texlive/texmf-dist/fonts/type1/public/amsf
onts/cm/cmmi12.pfb></usr/share/texlive/texmf-dist/fonts/type1/public/amsfonts/c
m/cmmi8.pfb></usr/share/texlive/texmf-dist/fonts/type1/public/amsfonts/cm/cmmib
10.pfb></usr/share/texlive/texmf-dist/fonts/type1/public/amsfonts/cmextra/cmmib
8.pfb></usr/share/texlive/texmf-dist/fonts/type1/public/amsfonts/cm/cmss10.pfb>
</usr/share/texlive/texmf-dist/fonts/type1/public/amsfonts/cm/cmss12.pfb></usr/
share/texlive/texmf-dist/fonts/type1/public/amsfonts/cm/cmss17.pfb></usr/share/
texlive/texmf-dist/fonts/type1/public/amsfonts/cm/cmss8.pfb></usr/share/texlive
/texmf-dist/fonts/type1/public/amsfonts/cm/cmssbx10.pfb></usr/share/texlive/tex
mf-dist/fonts/type1/public/amsfonts/cm/cmssi10.pfb></usr/share/texlive/texmf-di
st/fonts/type1/public/amsfonts/cm/cmssi12.pfb></usr/share/texlive/texmf-dist/fo
nts/type1/public/amsfonts/cm/cmssi17.pfb></usr/share/texlive/texmf-dist/fonts/t
ype1/public/amsfonts/cm/cmssi8.pfb></usr/share/texlive/texmf-dist/fonts/type1/p
ublic/amsfonts/cm/cmsy10.pfb></usr/share/texlive/texmf-dist/fonts/type1/public/
amsfonts/cm/cmsy7.pfb></usr/share/texlive/texmf-dist/fonts/type1/public/amsfont
s/cm/cmsy8.pfb></usr/share/texlive/texmf-dist/fonts/type1/urw/zapfding/uzdr.pfb
>
Output written on beamer_demo.pdf (55 pages, 1546831 bytes).
PDF statistics:
 1816 PDF objects out of 2073 (max. 8388607)
 1646 compressed objects within 17 object streams
 112 named destinations out of 1000 (max. 500000)
 240 words of extra memory for PDF output out of 10000 (max. 10000000)

